<?xml version="1.0" encoding="UTF-8"?>
<!-- Generated by org.testng.reporters.JUnitReportReporter -->
<testsuite hostname="DESKTOP-AMGHNDL" failures="0" tests="2" name="sample.demo" time="0.013" errors="0" timestamp="2023-04-12T11:44:29 IST" skipped="0">
  <testcase classname="sample.demo" name="demoo" time="0.001"/>
  <system-out/>
  <testcase classname="sample.demo" name="demo1" time="0.012"/>
  <system-out/>
</testsuite> <!-- sample.demo -->
